Running from: /usr/share/jenkins/jenkins.war
webroot: EnvVars.masterEnvVars.get("JENKINS_HOME")
Apr 16, 2017 1:47:53 PM winstone.Logger logInternal
INFO: Beginning extraction from war file
Apr 16, 2017 1:47:55 PM org.eclipse.jetty.util.log.JavaUtilLog info
INFO: jetty-winstone-2.8
Apr 16, 2017 1:47:58 PM org.eclipse.jetty.util.log.JavaUtilLog info
INFO: NO JSP Support for , did not find org.apache.jasper.servlet.JspServlet
Jenkins home directory: /var/jenkins_home found at: EnvVars.masterEnvVars.get("JENKINS_HOME")
Apr 16, 2017 1:47:59 PM org.eclipse.jetty.util.log.JavaUtilLog info
INFO: Started SelectChannelConnector@0.0.0.0:8080
Apr 16, 2017 1:47:59 PM winstone.Logger logInternal
INFO: Winstone Servlet Engine v2.0 running: controlPort=disabled
Apr 16, 2017 1:47:59 PM jenkins.InitReactorRunner$1 onAttained
INFO: Started initialization
Apr 16, 2017 1:48:12 PM jenkins.InitReactorRunner$1 onAttained
INFO: Listed all plugins
Apr 16, 2017 1:48:12 PM jenkins.InitReactorRunner$1 onAttained
INFO: Prepared all plugins
Apr 16, 2017 1:48:12 PM jenkins.InitReactorRunner$1 onAttained
INFO: Started all plugins
Apr 16, 2017 1:48:15 PM jenkins.InitReactorRunner$1 onAttained
INFO: Augmented all extensions
Apr 16, 2017 1:48:16 PM jenkins.InitReactorRunner$1 onAttained
INFO: Loaded all jobs
Apr 16, 2017 1:48:18 PM org.jenkinsci.main.modules.sshd.SSHD start
INFO: Started SSHD at port 39670
Apr 16, 2017 1:48:18 PM jenkins.util.groovy.GroovyHookScript execute
INFO: Executing /var/jenkins_home/init.groovy.d/tcp-slave-agent-port.groovy
Apr 16, 2017 1:48:18 PM hudson.model.AsyncPeriodicWork$1 run
INFO: Started Download metadata
Apr 16, 2017 1:48:19 PM jenkins.InitReactorRunner$1 onAttained
INFO: Completed initialization
Apr 16, 2017 1:48:19 PM hudson.WebAppMain$3 run
INFO: Jenkins is fully up and running
Apr 16, 2017 1:48:22 PM hudson.model.UpdateSite updateData
INFO: Obtained the latest update center data file for UpdateSource default
Apr 16, 2017 1:48:22 PM hudson.model.DownloadService$Downloadable load
INFO: Obtained the updated data file for hudson.tasks.Maven.MavenInstaller
Apr 16, 2017 1:48:22 PM hudson.model.DownloadService$Downloadable load
INFO: Obtained the updated data file for hudson.tasks.Ant.AntInstaller
Apr 16, 2017 1:48:23 PM hudson.model.DownloadService$Downloadable load
INFO: Obtained the updated data file for hudson.tools.JDKInstaller
Apr 16, 2017 1:48:23 PM hudson.model.AsyncPeriodicWork$1 run
INFO: Finished Download metadata. 5,163 ms
--> setting agent port for jnlp
